
> tabidea@0.3.1 dev /app
> next dev

   ▲ Next.js 16.0.10 (Turbopack)
   - Local:         http://localhost:3000
   - Network:       http://192.168.0.2:3000

 ✓ Starting...
Attention: Next.js now collects completely anonymous telemetry regarding usage.
This information is used to shape Next.js' roadmap and prioritize features.
You can learn more, including how to opt-out if you'd not like to participate in this anonymous program, by visiting the following URL:
https://nextjs.org/telemetry

 ✓ Ready in 1105ms
 ○ Compiling /updates ...
 GET /updates 200 in 11.6s (compile: 10.2s, render: 1385ms)
 GET /travel-info/France 200 in 4.1s (compile: 3.8s, render: 335ms)
[2026-01-15T14:46:50.874Z] [travel-info] [getSingleCategoryInfo] 処理開始 {
  "requestId": "single_basic_1768488410873_zrn9",
  "destination": "France",
  "category": "basic"
}
[2026-01-15T14:46:50.876Z] [travel-info] [getSingleCategoryInfo] APIキーが設定されていません {
  error: { raw: 'undefined' },
  requestId: 'single_basic_1768488410873_zrn9'
}
 POST /travel-info/France 200 in 292ms (compile: 63ms, render: 230ms)
[2026-01-15T14:46:50.934Z] [travel-info] [getSingleCategoryInfo] 処理開始 {
  "requestId": "single_safety_1768488410934_lg3i",
  "destination": "France",
  "category": "safety"
}
[2026-01-15T14:46:50.935Z] [travel-info] [getSingleCategoryInfo] APIキーが設定されていません {
  error: { raw: 'undefined' },
  requestId: 'single_safety_1768488410934_lg3i'
}
 POST /travel-info/France 200 in 20ms (compile: 6ms, render: 14ms)
[2026-01-15T14:46:51.070Z] [travel-info] [getSingleCategoryInfo] 処理開始 {
  "requestId": "single_climate_1768488411070_vg4j",
  "destination": "France",
  "category": "climate"
}
[2026-01-15T14:46:51.071Z] [travel-info] [getSingleCategoryInfo] APIキーが設定されていません {
  error: { raw: 'undefined' },
  requestId: 'single_climate_1768488411070_vg4j'
}
 POST /travel-info/France 200 in 31ms (compile: 15ms, render: 16ms)
 GET /travel-info/France 200 in 239ms (compile: 37ms, render: 202ms)
[2026-01-15T14:47:31.788Z] [travel-info] [getSingleCategoryInfo] 処理開始 {
  "requestId": "single_basic_1768488451788_udhd",
  "destination": "France",
  "category": "basic"
}
[2026-01-15T14:47:31.789Z] [travel-info] [getSingleCategoryInfo] APIキーが設定されていません {
  error: { raw: 'undefined' },
  requestId: 'single_basic_1768488451788_udhd'
}
 POST /travel-info/France 200 in 60ms (compile: 40ms, render: 21ms)
[2026-01-15T14:47:31.852Z] [travel-info] [getSingleCategoryInfo] 処理開始 {
  "requestId": "single_safety_1768488451852_4s3n",
  "destination": "France",
  "category": "safety"
}
[2026-01-15T14:47:31.853Z] [travel-info] [getSingleCategoryInfo] APIキーが設定されていません {
  error: { raw: 'undefined' },
  requestId: 'single_safety_1768488451852_4s3n'
}
 POST /travel-info/France 200 in 20ms (compile: 8ms, render: 12ms)
[2026-01-15T14:47:32.019Z] [travel-info] [getSingleCategoryInfo] 処理開始 {
  "requestId": "single_climate_1768488452019_n06o",
  "destination": "France",
  "category": "climate"
}
[2026-01-15T14:47:32.020Z] [travel-info] [getSingleCategoryInfo] APIキーが設定されていません {
  error: { raw: 'undefined' },
  requestId: 'single_climate_1768488452019_n06o'
}
 POST /travel-info/France 200 in 38ms (compile: 13ms, render: 26ms)
